<?xml version="1.0" encoding="UTF-8"?>
<testng-results ignored="0" total="1" passed="1" failed="0" skipped="0">
  <reporter-output>
  </reporter-output>
  <suite started-at="2022-12-27T21:18:48 IST" name="Suite" finished-at="2022-12-27T21:18:49 IST" duration-ms="988">
    <groups>
    </groups>
    <test started-at="2022-12-27T21:18:48 IST" name="LoginTestCase" finished-at="2022-12-27T21:18:49 IST" duration-ms="988">
      <class name="versin.HomeTestCase1">
        <test-method is-config="true" signature="setUp()[pri:0, instance:versin.HomeTestCase1@a1153bc]" started-at="2022-12-27T21:18:39 IST" name="setUp" finished-at="2022-12-27T21:18:48 IST" duration-ms="8890" status="PASS">
          <reporter-output>
          </reporter-output>
        </test-method> <!-- setUp -->
        <test-method signature="loginTest()[pri:0, instance:versin.HomeTestCase1@a1153bc]" started-at="2022-12-27T21:18:48 IST" name="loginTest" finished-at="2022-12-27T21:18:48 IST" duration-ms="904" status="PASS">
          <reporter-output>
          </reporter-output>
        </test-method> <!-- loginTest -->
        <test-method is-config="true" signature="tearDown()[pri:0, instance:versin.HomeTestCase1@a1153bc]" started-at="2022-12-27T21:18:49 IST" name="tearDown" finished-at="2022-12-27T21:18:49 IST" duration-ms="299" status="PASS">
          <reporter-output>
          </reporter-output>
        </test-method> <!-- tearDown -->
      </class> <!-- versin.HomeTestCase1 -->
    </test> <!-- LoginTestCase -->
  </suite> <!-- Suite -->
</testng-results>
